c:\willy\ntust\semester4\computer graphics\project\p3 new 2\project3_winform\project3\project3\release\project3.pch
c:\willy\ntust\semester4\computer graphics\project\p3 new 2\project3_winform\project3\project3\release\vc142.pdb
c:\willy\ntust\semester4\computer graphics\project\p3 new 2\project3_winform\project3\project3\release\pch.obj
c:\willy\ntust\semester4\computer graphics\project\p3 new 2\project3_winform\project3\project3\release\openmesh.obj
c:\willy\ntust\semester4\computer graphics\project\p3 new 2\project3_winform\project3\project3\release\common.obj
c:\willy\ntust\semester4\computer graphics\project\p3 new 2\project3_winform\project3\project3\release\cppclr_winformsprojekt.obj
c:\willy\ntust\semester4\computer graphics\project\p3 new 2\project3_winform\project3\project3\release\meshobject.obj
c:\willy\ntust\semester4\computer graphics\project\p3 new 2\project3_winform\project3\project3\release\mainshader.obj
c:\willy\ntust\semester4\computer graphics\project\p3 new 2\project3_winform\project3\project3\release\form1.obj
c:\willy\ntust\semester4\computer graphics\project\p3 new 2\project3_winform\project3\project3\release\tiny_obj_loader.obj
c:\willy\ntust\semester4\computer graphics\project\p3 new 2\project3_winform\project3\project3\release\shaderobject.obj
c:\willy\ntust\semester4\computer graphics\project\p3 new 2\project3_winform\project3\project3\release\.netframework,version=v4.7.2.assemblyattributes.obj
c:\willy\ntust\semester4\computer graphics\project\p3 new 2\project3_winform\project3\project3\release\pickingtexture.obj
c:\willy\ntust\semester4\computer graphics\project\p3 new 2\project3_winform\project3\project3\release\viewmanager.obj
c:\willy\ntust\semester4\computer graphics\project\p3 new 2\project3_winform\project3\project3\release\assemblyinfo.obj
c:\willy\ntust\semester4\computer graphics\project\p3 new 2\project3_winform\project3\project3\release\resourcepath.obj
c:\willy\ntust\semester4\computer graphics\project\p3 new 2\project3_winform\project3\project3\release\myform1.obj
c:\willy\ntust\semester4\computer graphics\project\project3_winform\project3\project3\release\project3.pch
c:\willy\ntust\semester4\computer graphics\project\project3_winform\project3\project3\release\vc142.pdb
c:\willy\ntust\semester4\computer graphics\project\project3_winform\project3\project3\release\pch.obj
c:\willy\ntust\semester4\computer graphics\project\project3_winform\project3\project3\release\myform1.obj
c:\willy\ntust\semester4\computer graphics\project\project3_winform\project3\project3\release\common.obj
c:\willy\ntust\semester4\computer graphics\project\project3_winform\project3\project3\release\meshobject.obj
c:\willy\ntust\semester4\computer graphics\project\project3_winform\project3\project3\release\pickingtexture.obj
c:\willy\ntust\semester4\computer graphics\project\project3_winform\project3\project3\release\cppclr_winformsprojekt.obj
c:\willy\ntust\semester4\computer graphics\project\project3_winform\project3\project3\release\resourcepath.obj
c:\willy\ntust\semester4\computer graphics\project\project3_winform\project3\project3\release\openmesh.obj
c:\willy\ntust\semester4\computer graphics\project\project3_winform\project3\project3\release\viewmanager.obj
c:\willy\ntust\semester4\computer graphics\project\project3_winform\project3\project3\release\mainshader.obj
c:\willy\ntust\semester4\computer graphics\project\project3_winform\project3\project3\release\.netframework,version=v4.7.2.assemblyattributes.obj
c:\willy\ntust\semester4\computer graphics\project\project3_winform\project3\project3\release\shaderobject.obj
c:\willy\ntust\semester4\computer graphics\project\project3_winform\project3\project3\release\tiny_obj_loader.obj
c:\willy\ntust\semester4\computer graphics\project\project3_winform\project3\project3\release\assemblyinfo.obj
c:\willy\ntust\semester4\computer graphics\project\p3 new 2\project3_winform\project3\release\hkoglpanel.dll
c:\willy\ntust\semester4\computer graphics\project\p3 new 2\project3_winform\project3\release\project3.exe
c:\willy\ntust\semester4\computer graphics\project\project3_winform\project3\release\project3.exe
c:\willy\ntust\semester4\computer graphics\project\p3 new 2\project3_winform\project3\project3\release\project3.tlog\metagen.write.1.tlog
c:\willy\ntust\semester4\computer graphics\project\project3_winform\project3\project3\release\project3.tlog\metagen.write.1.tlog
c:\willy\ntust\semester4\computer graphics\project\p3 new 2\project3_winform\project3\project3\release\project3.form1.resources
c:\willy\ntust\semester4\computer graphics\project\p3 new 2\project3_winform\project3\project3\release\project3.myform1.resources
c:\willy\ntust\semester4\computer graphics\project\project3_winform\project3\project3\release\project3.myform1.resources
c:\willy\ntust\semester4\computer graphics\project\p3 new 2\project3_winform\project3\project3\release\app.res
c:\willy\ntust\semester4\computer graphics\project\project3_winform\project3\project3\release\app.res
c:\willy\ntust\semester4\computer graphics\project\project3_winform\project3\project3\release\form1.obj
c:\willy\ntust\semester4\computer graphics\project\project3_winform\project3\project3\release\project3.tlog\cl.command.1.tlog
c:\willy\ntust\semester4\computer graphics\project\project3_winform\project3\project3\release\project3.tlog\cl.read.1.tlog
c:\willy\ntust\semester4\computer graphics\project\project3_winform\project3\project3\release\project3.tlog\cl.write.1.tlog
c:\willy\ntust\semester4\computer graphics\project\project3_winform\project3\project3\release\project3.tlog\copylocal.read.1u.tlog
c:\willy\ntust\semester4\computer graphics\project\project3_winform\project3\project3\release\project3.tlog\copylocal.write.1u.tlog
c:\willy\ntust\semester4\computer graphics\project\project3_winform\project3\project3\release\project3.tlog\link.command.1.tlog
c:\willy\ntust\semester4\computer graphics\project\project3_winform\project3\project3\release\project3.tlog\link.read.1.tlog
c:\willy\ntust\semester4\computer graphics\project\project3_winform\project3\project3\release\project3.tlog\link.write.1.tlog
c:\willy\ntust\semester4\computer graphics\project\project3_winform\project3\project3\release\project3.tlog\metagen.read.1.tlog
c:\willy\ntust\semester4\computer graphics\project\project3_winform\project3\project3\release\project3.tlog\project3.write.1u.tlog
c:\willy\ntust\semester4\computer graphics\project\project3_winform\project3\project3\release\project3.tlog\rc.command.1.tlog
c:\willy\ntust\semester4\computer graphics\project\project3_winform\project3\project3\release\project3.tlog\rc.read.1.tlog
c:\willy\ntust\semester4\computer graphics\project\project3_winform\project3\project3\release\project3.tlog\rc.write.1.tlog
c:\willy\ntust\semester4\computer graphics\project\project3_winform\project3\project3\release\project3.tlog\hkoglpanel.dll.metagen
